<?xml version="1.0" encoding="UTF-8"?>
<testsuites>
  <testsuite name="de::buzz2ee::aop::AllTests" tests="30" assertions="68" failures="0" errors="0" time="0.454434">
    <testsuite name="de::buzz2ee::aop::pointcut::AllTests" tests="30" assertions="68" failures="0" errors="0" time="0.454434">
      <testsuite name="de\buzz2ee\aop\pointcut\PointcutAndMatcherTest" file="/home/manu/Desktop/workspace/example.com/trunk/components/aop/test/pointcut/PointcutAndMatcherTest.php" namespace="de\buzz2ee\aop\pointcut" fullPackage="de.buzz2ee.aop.pointcut" tests="4" assertions="16" failures="0" errors="0" time="0.084095">
        <testcase name="testMatchReturnsTrueForLeftTrueAndRightTrue" class="de\buzz2ee\aop\pointcut\PointcutAndMatcherTest" file="/home/manu/Desktop/workspace/example.com/trunk/components/aop/test/pointcut/PointcutAndMatcherTest.php" line="27" assertions="4" time="0.030958"/>
        <testcase name="testMatchReturnsFalseForLeftFalseAndRightTrue" class="de\buzz2ee\aop\pointcut\PointcutAndMatcherTest" file="/home/manu/Desktop/workspace/example.com/trunk/components/aop/test/pointcut/PointcutAndMatcherTest.php" line="43" assertions="4" time="0.018088"/>
        <testcase name="testMatchReturnsFalseForLeftTrueAndRightFalse" class="de\buzz2ee\aop\pointcut\PointcutAndMatcherTest" file="/home/manu/Desktop/workspace/example.com/trunk/components/aop/test/pointcut/PointcutAndMatcherTest.php" line="59" assertions="4" time="0.018300"/>
        <testcase name="testMatchReturnsFalseForLeftFalseAndRightFalse" class="de\buzz2ee\aop\pointcut\PointcutAndMatcherTest" file="/home/manu/Desktop/workspace/example.com/trunk/components/aop/test/pointcut/PointcutAndMatcherTest.php" line="75" assertions="4" time="0.016749"/>
      </testsuite>
      <testsuite name="de\buzz2ee\aop\pointcut\PointcutExecutionMatcherTest" file="/home/manu/Desktop/workspace/example.com/trunk/components/aop/test/pointcut/PointcutExecutionMatcherTest.php" namespace="de\buzz2ee\aop\pointcut" fullPackage="de.buzz2ee.aop.pointcut" tests="9" assertions="18" failures="0" errors="0" time="0.167722">
        <testcase name="testMatchReturnsTrueForIdenticalClassAndMethodName" class="de\buzz2ee\aop\pointcut\PointcutExecutionMatcherTest" file="/home/manu/Desktop/workspace/example.com/trunk/components/aop/test/pointcut/PointcutExecutionMatcherTest.php" line="27" assertions="2" time="0.019444"/>
        <testcase name="testMatchReturnsTrueForIdenticalNamespaceClassAndMethodName" class="de\buzz2ee\aop\pointcut\PointcutExecutionMatcherTest" file="/home/manu/Desktop/workspace/example.com/trunk/components/aop/test/pointcut/PointcutExecutionMatcherTest.php" line="41" assertions="2" time="0.018251"/>
        <testcase name="testMatchReturnsTrueForWildcardClassNameAndIdenticalMethodName" class="de\buzz2ee\aop\pointcut\PointcutExecutionMatcherTest" file="/home/manu/Desktop/workspace/example.com/trunk/components/aop/test/pointcut/PointcutExecutionMatcherTest.php" line="55" assertions="2" time="0.018648"/>
        <testcase name="testMatchReturnsTrueForIdenticalClassNameAndWildcardMethodName" class="de\buzz2ee\aop\pointcut\PointcutExecutionMatcherTest" file="/home/manu/Desktop/workspace/example.com/trunk/components/aop/test/pointcut/PointcutExecutionMatcherTest.php" line="69" assertions="2" time="0.018491"/>
        <testcase name="testMatchReturnsTrueForWildcardClassNameAndWildcardMethodName" class="de\buzz2ee\aop\pointcut\PointcutExecutionMatcherTest" file="/home/manu/Desktop/workspace/example.com/trunk/components/aop/test/pointcut/PointcutExecutionMatcherTest.php" line="83" assertions="2" time="0.018993"/>
        <testcase name="testMatchReturnsFalseForCaseSensitiveTypoInClassName" class="de\buzz2ee\aop\pointcut\PointcutExecutionMatcherTest" file="/home/manu/Desktop/workspace/example.com/trunk/components/aop/test/pointcut/PointcutExecutionMatcherTest.php" line="97" assertions="2" time="0.018368"/>
        <testcase name="testMatchReturnsFalseForCaseSensitiveTypoInMethodName" class="de\buzz2ee\aop\pointcut\PointcutExecutionMatcherTest" file="/home/manu/Desktop/workspace/example.com/trunk/components/aop/test/pointcut/PointcutExecutionMatcherTest.php" line="111" assertions="2" time="0.018277"/>
        <testcase name="testMatchReturnsFalseForPrivateMatcherAndPublicMethod" class="de\buzz2ee\aop\pointcut\PointcutExecutionMatcherTest" file="/home/manu/Desktop/workspace/example.com/trunk/components/aop/test/pointcut/PointcutExecutionMatcherTest.php" line="125" assertions="2" time="0.018719"/>
        <testcase name="testMatchReturnsFalseForProtectedMatcherAndPrivateMethod" class="de\buzz2ee\aop\pointcut\PointcutExecutionMatcherTest" file="/home/manu/Desktop/workspace/example.com/trunk/components/aop/test/pointcut/PointcutExecutionMatcherTest.php" line="139" assertions="2" time="0.018531"/>
      </testsuite>
      <testsuite name="de\buzz2ee\aop\pointcut\PointcutExpressionParserTest" file="/home/manu/Desktop/workspace/example.com/trunk/components/aop/test/pointcut/PointcutExpressionParserTest.php" namespace="de\buzz2ee\aop\pointcut" fullPackage="de.buzz2ee.aop.pointcut" tests="9" assertions="9" failures="0" errors="0" time="0.078849">
        <testcase name="testParseMethodThrowsExceptionForEmptyExpression" class="de\buzz2ee\aop\pointcut\PointcutExpressionParserTest" file="/home/manu/Desktop/workspace/example.com/trunk/components/aop/test/pointcut/PointcutExpressionParserTest.php" line="48" assertions="1" time="0.010484"/>
        <testcase name="testParseMethodThrowsExceptionForSingleNotModifier" class="de\buzz2ee\aop\pointcut\PointcutExpressionParserTest" file="/home/manu/Desktop/workspace/example.com/trunk/components/aop/test/pointcut/PointcutExpressionParserTest.php" line="61" assertions="1" time="0.007721"/>
        <testcase name="testParseThrowsExceptionForInvalidExecutionDesignatorExpression" class="de\buzz2ee\aop\pointcut\PointcutExpressionParserTest" file="/home/manu/Desktop/workspace/example.com/trunk/components/aop/test/pointcut/PointcutExpressionParserTest.php" line="74" assertions="1" time="0.008130"/>
        <testcase name="testParseMethodReturnsInstanceOfTypePointcutMatcher" class="de\buzz2ee\aop\pointcut\PointcutExpressionParserTest" file="/home/manu/Desktop/workspace/example.com/trunk/components/aop/test/pointcut/PointcutExpressionParserTest.php" line="86" assertions="1" time="0.010706"/>
        <testcase name="testParseReturnsInstanceOfTypeNotPointcutMatcher" class="de\buzz2ee\aop\pointcut\PointcutExpressionParserTest" file="/home/manu/Desktop/workspace/example.com/trunk/components/aop/test/pointcut/PointcutExpressionParserTest.php" line="101" assertions="1" time="0.008475"/>
        <testcase name="testParseReturnsInstanceOfTypePointcutAndMatcher" class="de\buzz2ee\aop\pointcut\PointcutExpressionParserTest" file="/home/manu/Desktop/workspace/example.com/trunk/components/aop/test/pointcut/PointcutExpressionParserTest.php" line="116" assertions="1" time="0.008952"/>
        <testcase name="testParseReturnsInstanceOfTypePointcutOrMatcher" class="de\buzz2ee\aop\pointcut\PointcutExpressionParserTest" file="/home/manu/Desktop/workspace/example.com/trunk/components/aop/test/pointcut/PointcutExpressionParserTest.php" line="131" assertions="1" time="0.008525"/>
        <testcase name="testParseMethodReturnsInstanceOfPointcutExecutionMatcher" class="de\buzz2ee\aop\pointcut\PointcutExpressionParserTest" file="/home/manu/Desktop/workspace/example.com/trunk/components/aop/test/pointcut/PointcutExpressionParserTest.php" line="146" assertions="1" time="0.008176"/>
        <testcase name="testParseMethodReturnsInstanceOfTypePointcutNamedMatcher" class="de\buzz2ee\aop\pointcut\PointcutExpressionParserTest" file="/home/manu/Desktop/workspace/example.com/trunk/components/aop/test/pointcut/PointcutExpressionParserTest.php" line="161" assertions="1" time="0.007680"/>
      </testsuite>
      <testsuite name="de\buzz2ee\aop\pointcut\PointcutMatcherFactoryTest" file="/home/manu/Desktop/workspace/example.com/trunk/components/aop/test/pointcut/PointcutMatcherFactoryTest.php" namespace="de\buzz2ee\aop\pointcut" fullPackage="de.buzz2ee.aop.pointcut" tests="2" assertions="3" failures="0" errors="0" time="0.023109">
        <testcase name="testStaticGetThrowsExceptionWhenItIsNotInitialized" class="de\buzz2ee\aop\pointcut\PointcutMatcherFactoryTest" file="/home/manu/Desktop/workspace/example.com/trunk/components/aop/test/pointcut/PointcutMatcherFactoryTest.php" line="48" assertions="1" time="0.007037"/>
        <testcase name="testStaticGetReturnsPreviousSetFactoryInstance" class="de\buzz2ee\aop\pointcut\PointcutMatcherFactoryTest" file="/home/manu/Desktop/workspace/example.com/trunk/components/aop/test/pointcut/PointcutMatcherFactoryTest.php" line="59" assertions="2" time="0.016072"/>
      </testsuite>
      <testsuite name="de\buzz2ee\aop\pointcut\PointcutNotMatcherTest" file="/home/manu/Desktop/workspace/example.com/trunk/components/aop/test/pointcut/PointcutNotMatcherTest.php" namespace="de\buzz2ee\aop\pointcut" fullPackage="de.buzz2ee.aop.pointcut" tests="2" assertions="6" failures="0" errors="0" time="0.029556">
        <testcase name="testMatchReturnsFalseWhichNegatesPreviousResults" class="de\buzz2ee\aop\pointcut\PointcutNotMatcherTest" file="/home/manu/Desktop/workspace/example.com/trunk/components/aop/test/pointcut/PointcutNotMatcherTest.php" line="27" assertions="3" time="0.014876"/>
        <testcase name="testMatchReturnsTrueWhichNegatesPreviousResults" class="de\buzz2ee\aop\pointcut\PointcutNotMatcherTest" file="/home/manu/Desktop/workspace/example.com/trunk/components/aop/test/pointcut/PointcutNotMatcherTest.php" line="39" assertions="3" time="0.014680"/>
      </testsuite>
      <testsuite name="de\buzz2ee\aop\pointcut\PointcutOrMatcherTest" file="/home/manu/Desktop/workspace/example.com/trunk/components/aop/test/pointcut/PointcutOrMatcherTest.php" namespace="de\buzz2ee\aop\pointcut" fullPackage="de.buzz2ee.aop.pointcut" tests="4" assertions="16" failures="0" errors="0" time="0.071102">
        <testcase name="testMatchReturnsTrueForLeftTrueAndRightTrue" class="de\buzz2ee\aop\pointcut\PointcutOrMatcherTest" file="/home/manu/Desktop/workspace/example.com/trunk/components/aop/test/pointcut/PointcutOrMatcherTest.php" line="27" assertions="4" time="0.017328"/>
        <testcase name="testMatchReturnsTrueForLeftFalseAndRightTrue" class="de\buzz2ee\aop\pointcut\PointcutOrMatcherTest" file="/home/manu/Desktop/workspace/example.com/trunk/components/aop/test/pointcut/PointcutOrMatcherTest.php" line="43" assertions="4" time="0.018644"/>
        <testcase name="testMatchReturnsTrueForLeftTrueAndRightFalse" class="de\buzz2ee\aop\pointcut\PointcutOrMatcherTest" file="/home/manu/Desktop/workspace/example.com/trunk/components/aop/test/pointcut/PointcutOrMatcherTest.php" line="59" assertions="4" time="0.016777"/>
        <testcase name="testMatchReturnsFalseForLeftFalseAndRightFalse" class="de\buzz2ee\aop\pointcut\PointcutOrMatcherTest" file="/home/manu/Desktop/workspace/example.com/trunk/components/aop/test/pointcut/PointcutOrMatcherTest.php" line="75" assertions="4" time="0.018353"/>
      </testsuite>
    </testsuite>
  </testsuite>
</testsuites>
